#
# There is insufficient memory for the Java Runtime Environment to continue.
# Native memory allocation (malloc) failed to allocate 803280 bytes for Chunk::new
# Possible reasons:
#   The system is out of physical RAM or swap space
#   The process is running with CompressedOops enabled, and the Java Heap may be blocking the growth of the native heap
# Possible solutions:
#   Reduce memory load on the system
#   Increase physical memory or swap space
#   Check if swap backing store is full
#   Decrease Java heap size (-Xmx/-Xms)
#   Decrease number of Java threads
#   Decrease Java thread stack sizes (-Xss)
#   Set larger code cache with -XX:ReservedCodeCacheSize=
#   JVM is running with Unscaled Compressed Oops mode in which the Java heap is
#     placed in the first 4GB address space. The Java Heap base address is the
#     maximum limit for the native heap growth. Please use -XX:HeapBaseMinAddress
#     to set the Java Heap base and to place the Java Heap above 4GB virtual address.
# This output file may be truncated or incomplete.
#
#  Out of Memory Error (arena.cpp:189), pid=10680, tid=20072
#
# JRE version: OpenJDK Runtime Environment (17.0.1+12) (build 17.0.1+12-39)
# Java VM: OpenJDK 64-Bit Server VM (17.0.1+12-39, mixed mode, sharing, tiered, compressed oops, compressed class ptrs, g1 gc, windows-amd64)
# No core dump will be written. Minidumps are not enabled by default on client versions of Windows
#

---------------  S U M M A R Y ------------

Command Line: -ea -Didea.test.cyclic.buffer.size=1048576 -javaagent:C:\Program Files\JetBrains\IntelliJ IDEA Community Edition 2021.3\lib\idea_rt.jar=64315:C:\Program Files\JetBrains\IntelliJ IDEA Community Edition 2021.3\bin -Dfile.encoding=UTF-8 com.intellij.rt.testng.RemoteTestNGStarter -usedefaultlisteners false -socket64314 @w@C:\Users\AYN\AppData\Local\Temp\idea_working_dirs_testng1.tmp -temp C:\Users\AYN\AppData\Local\Temp\idea_testng1.tmp

Host: Intel(R) Core(TM) i3-8130U CPU @ 2.20GHz, 4 cores, 3G,  Windows 10 , 64 bit Build 22000 (10.0.22000.434)
Time: Tue Feb 22 12:46:11 2022 Paris, Madrid elapsed time: 9.222612 seconds (0d 0h 0m 9s)

---------------  T H R E A D  ---------------

Current thread (0x000001924cc5c780):  JavaThread "C2 CompilerThread0" daemon [_thread_in_native, id=20072, stack(0x00000001a0e00000,0x00000001a0f00000)]


Current CompileTask:
C2:   9222 1705 %     4       sun.util.calendar.ZoneInfoFile::getZoneInfo @ 205 (1802 bytes)

Stack: [0x00000001a0e00000,0x00000001a0f00000]
Native frames: (J=compiled Java code, j=interpreted, Vv=VM code, C=native code)
V  [jvm.dll+0x66fa1a]
V  [jvm.dll+0x7ce5a4]
V  [jvm.dll+0x7cfd4e]
V  [jvm.dll+0x7d03b3]
V  [jvm.dll+0x242b05]
V  [jvm.dll+0xaa05b]
V  [jvm.dll+0xaa5ec]
V  [jvm.dll+0x35fa07]
V  [jvm.dll+0x329f51]
V  [jvm.dll+0x3293fa]
V  [jvm.dll+0x215bf1]
V  [jvm.dll+0x215011]
V  [jvm.dll+0x1a168d]
V  [jvm.dll+0x224848]
V  [jvm.dll+0x2229ac]
V  [jvm.dll+0x78435b]
V  [jvm.dll+0x77e91a]
V  [jvm.dll+0x66e845]
C  [ucrtbase.dll+0x26c0c]
C  [KERNEL32.DLL+0x154e0]
C  [ntdll.dll+0x485b]


---------------  P R O C E S S  ---------------

Threads class SMR info:
_java_thread_list=0x000001926a8d6f00, length=13, elements={
0x000001924cb96a00, 0x000001924cc42f40, 0x000001924cc43db0, 0x000001924cc58cd0,
0x000001924cc59680, 0x000001924cc5a030, 0x000001924cc5a9e0, 0x000001924cc5c780,
0x000001924cc5e140, 0x000001924cc5ea40, 0x0000019269c2c690, 0x000001926a915040,
0x000001926a915510
}

Java Threads: ( => current thread )
  0x000001924cb96a00 JavaThread "main" [_thread_in_vm, id=21608, stack(0x00000001a0100000,0x00000001a0200000)]
  0x000001924cc42f40 JavaThread "Reference Handler" daemon [_thread_blocked, id=24236, stack(0x00000001a0800000,0x00000001a0900000)]
  0x000001924cc43db0 JavaThread "Finalizer" daemon [_thread_blocked, id=17384, stack(0x00000001a0900000,0x00000001a0a00000)]
  0x000001924cc58cd0 JavaThread "Signal Dispatcher" daemon [_thread_blocked, id=20984, stack(0x00000001a0a00000,0x00000001a0b00000)]
  0x000001924cc59680 JavaThread "Attach Listener" daemon [_thread_blocked, id=9064, stack(0x00000001a0b00000,0x00000001a0c00000)]
  0x000001924cc5a030 JavaThread "Service Thread" daemon [_thread_blocked, id=13084, stack(0x00000001a0c00000,0x00000001a0d00000)]
  0x000001924cc5a9e0 JavaThread "Monitor Deflation Thread" daemon [_thread_blocked, id=20604, stack(0x00000001a0d00000,0x00000001a0e00000)]
=>0x000001924cc5c780 JavaThread "C2 CompilerThread0" daemon [_thread_in_native, id=20072, stack(0x00000001a0e00000,0x00000001a0f00000)]
  0x000001924cc5e140 JavaThread "C1 CompilerThread0" daemon [_thread_blocked, id=16248, stack(0x00000001a0f00000,0x00000001a1000000)]
  0x000001924cc5ea40 JavaThread "Sweeper thread" daemon [_thread_blocked, id=17440, stack(0x00000001a1000000,0x00000001a1100000)]
  0x0000019269c2c690 JavaThread "Common-Cleaner" daemon [_thread_blocked, id=8408, stack(0x00000001a1100000,0x00000001a1200000)]
  0x000001926a915040 JavaThread "Monitor Ctrl-Break" daemon [_thread_in_native, id=13484, stack(0x00000001a1200000,0x00000001a1300000)]
  0x000001926a915510 JavaThread "Notification Thread" daemon [_thread_blocked, id=22956, stack(0x00000001a1300000,0x00000001a1400000)]

Other Threads:
  0x000001924cc3d340 VMThread "VM Thread" [stack: 0x00000001a0700000,0x00000001a0800000] [id=4372]
  0x000001924cb97870 WatcherThread [stack: 0x00000001a1400000,0x00000001a1500000] [id=14316]
  0x000001924cbc2e70 GCTaskThread "GC Thread#0" [stack: 0x00000001a0200000,0x00000001a0300000] [id=13680]
  0x000001926aa1fa90 GCTaskThread "GC Thread#1" [stack: 0x00000001a1500000,0x00000001a1600000] [id=22532]
  0x000001926ac980e0 GCTaskThread "GC Thread#2" [stack: 0x00000001a1600000,0x00000001a1700000] [id=4808]
  0x000001926b2b77f0 GCTaskThread "GC Thread#3" [stack: 0x00000001a1700000,0x00000001a1800000] [id=4860]
  0x000001924cbcce40 ConcurrentGCThread "G1 Main Marker" [stack: 0x00000001a0300000,0x00000001a0400000] [id=21272]
  0x000001924cbcdff0 ConcurrentGCThread "G1 Conc#0" [stack: 0x00000001a0400000,0x00000001a0500000] [id=17380]
  0x000001924cc18180 ConcurrentGCThread "G1 Refine#0" [stack: 0x00000001a0500000,0x00000001a0600000] [id=19724]
  0x000001924cc1cac0 ConcurrentGCThread "G1 Service" [stack: 0x00000001a0600000,0x00000001a0700000] [id=16720]

Threads with active compile tasks:
C2 CompilerThread0     9599 1705 %     4       sun.util.calendar.ZoneInfoFile::getZoneInfo @ 205 (1802 bytes)

VM state: not at safepoint (normal execution)

VM Mutex/Monitor currently owned by a thread: None

Heap address: 0x00000000c1c00000, size: 996 MB, Compressed Oops mode: 32-bit

CDS archive(s) mapped at: [0x0000000800000000-0x0000000800bc0000-0x0000000800bc0000), size 12320768, SharedBaseAddress: 0x0000000800000000, ArchiveRelocationMode: 0.
Compressed class space mapped at: 0x0000000800c00000-0x0000000840c00000, reserved size: 1073741824
Narrow klass base: 0x0000000800000000, Narrow klass shift: 0, Narrow klass range: 0x100000000

GC Precious Log:
 CPUs: 4 total, 4 available
 Memory: 3978M
 Large Page Support: Disabled
 NUMA Support: Disabled
 Compressed Oops: Enabled (32-bit)
 Heap Region Size: 1M
 Heap Min Capacity: 8M
 Heap Initial Capacity: 64M
 Heap Max Capacity: 996M
 Pre-touch: Disabled
 Parallel Workers: 4
 Concurrent Workers: 1
 Concurrent Refinement Workers: 4
 Periodic GC: Disabled

Heap:
 garbage-first heap   total 65536K, used 13849K [0x00000000c1c00000, 0x0000000100000000)
  region size 1024K, 6 young (6144K), 3 survivors (3072K)
 Metaspace       used 10139K, committed 10368K, reserved 1064960K
  class space    used 1092K, committed 1216K, reserved 1048576K

Heap Regions: E=young(eden), S=young(survivor), O=old, HS=humongous(starts), HC=humongous(continues), CS=collection set, F=free, OA=open archive, CA=closed archive, TAMS=top-at-mark-start (previous, next)
|   0|0x00000000c1c00000, 0x00000000c1d00000, 0x00000000c1d00000|100%| O|  |TAMS 0x00000000c1c00000, 0x00000000c1c00000| Untracked 
|   1|0x00000000c1d00000, 0x00000000c1e00000, 0x00000000c1e00000|100%| O|  |TAMS 0x00000000c1d00000, 0x00000000c1d00000| Untracked 
|   2|0x00000000c1e00000, 0x00000000c1f00000, 0x00000000c1f00000|100%| O|  |TAMS 0x00000000c1e00000, 0x00000000c1e00000| Untracked 
|   3|0x00000000c1f00000, 0x00000000c2000000, 0x00000000c2000000|100%| O|  |TAMS 0x00000000c1f00000, 0x00000000c1f00000| Untracked 
|   4|0x00000000c2000000, 0x00000000c2100000, 0x00000000c2100000|100%| O|  |TAMS 0x00000000c2000000, 0x00000000c2000000| Untracked 
|   5|0x00000000c2100000, 0x00000000c2200000, 0x00000000c2200000|100%| O|  |TAMS 0x00000000c2100000, 0x00000000c2100000| Untracked 
|   6|0x00000000c2200000, 0x00000000c2300000, 0x00000000c2300000|100%| O|  |TAMS 0x00000000c2200000, 0x00000000c2200000| Untracked 
|   7|0x00000000c2300000, 0x00000000c2400000, 0x00000000c2400000|100%| O|  |TAMS 0x00000000c2300000, 0x00000000c2300000| Untracked 
|   8|0x00000000c2400000, 0x00000000c2486600, 0x00000000c2500000| 52%| O|  |TAMS 0x00000000c2400000, 0x00000000c2400000| Untracked 
|   9|0x00000000c2500000, 0x00000000c2500000, 0x00000000c2600000|  0%| F|  |TAMS 0x00000000c2500000, 0x00000000c2500000| Untracked 
|  10|0x00000000c2600000, 0x00000000c2600000, 0x00000000c2700000|  0%| F|  |TAMS 0x00000000c2600000, 0x00000000c2600000| Untracked 
|  11|0x00000000c2700000, 0x00000000c2700000, 0x00000000c2800000|  0%| F|  |TAMS 0x00000000c2700000, 0x00000000c2700000| Untracked 
|  12|0x00000000c2800000, 0x00000000c2800000, 0x00000000c2900000|  0%| F|  |TAMS 0x00000000c2800000, 0x00000000c2800000| Untracked 
|  13|0x00000000c2900000, 0x00000000c2900000, 0x00000000c2a00000|  0%| F|  |TAMS 0x00000000c2900000, 0x00000000c2900000| Untracked 
|  14|0x00000000c2a00000, 0x00000000c2a00000, 0x00000000c2b00000|  0%| F|  |TAMS 0x00000000c2a00000, 0x00000000c2a00000| Untracked 
|  15|0x00000000c2b00000, 0x00000000c2b00000, 0x00000000c2c00000|  0%| F|  |TAMS 0x00000000c2b00000, 0x00000000c2b00000| Untracked 
|  16|0x00000000c2c00000, 0x00000000c2c00000, 0x00000000c2d00000|  0%| F|  |TAMS 0x00000000c2c00000, 0x00000000c2c00000| Untracked 
|  17|0x00000000c2d00000, 0x00000000c2d00000, 0x00000000c2e00000|  0%| F|  |TAMS 0x00000000c2d00000, 0x00000000c2d00000| Untracked 
|  18|0x00000000c2e00000, 0x00000000c2e00000, 0x00000000c2f00000|  0%| F|  |TAMS 0x00000000c2e00000, 0x00000000c2e00000| Untracked 
|  19|0x00000000c2f00000, 0x00000000c2f00000, 0x00000000c3000000|  0%| F|  |TAMS 0x00000000c2f00000, 0x00000000c2f00000| Untracked 
|  20|0x00000000c3000000, 0x00000000c3000000, 0x00000000c3100000|  0%| F|  |TAMS 0x00000000c3000000, 0x00000000c3000000| Untracked 
|  21|0x00000000c3100000, 0x00000000c3100000, 0x00000000c3200000|  0%| F|  |TAMS 0x00000000c3100000, 0x00000000c3100000| Untracked 
|  22|0x00000000c3200000, 0x00000000c3200000, 0x00000000c3300000|  0%| F|  |TAMS 0x00000000c3200000, 0x00000000c3200000| Untracked 
|  23|0x00000000c3300000, 0x00000000c3300000, 0x00000000c3400000|  0%| F|  |TAMS 0x00000000c3300000, 0x00000000c3300000| Untracked 
|  24|0x00000000c3400000, 0x00000000c3400000, 0x00000000c3500000|  0%| F|  |TAMS 0x00000000c3400000, 0x00000000c3400000| Untracked 
|  25|0x00000000c3500000, 0x00000000c3500000, 0x00000000c3600000|  0%| F|  |TAMS 0x00000000c3500000, 0x00000000c3500000| Untracked 
|  26|0x00000000c3600000, 0x00000000c3600000, 0x00000000c3700000|  0%| F|  |TAMS 0x00000000c3600000, 0x00000000c3600000| Untracked 
|  27|0x00000000c3700000, 0x00000000c3700000, 0x00000000c3800000|  0%| F|  |TAMS 0x00000000c3700000, 0x00000000c3700000| Untracked 
|  28|0x00000000c3800000, 0x00000000c3800000, 0x00000000c3900000|  0%| F|  |TAMS 0x00000000c3800000, 0x00000000c3800000| Untracked 
|  29|0x00000000c3900000, 0x00000000c3900000, 0x00000000c3a00000|  0%| F|  |TAMS 0x00000000c3900000, 0x00000000c3900000| Untracked 
|  30|0x00000000c3a00000, 0x00000000c3a00000, 0x00000000c3b00000|  0%| F|  |TAMS 0x00000000c3a00000, 0x00000000c3a00000| Untracked 
|  31|0x00000000c3b00000, 0x00000000c3b00000, 0x00000000c3c00000|  0%| F|  |TAMS 0x00000000c3b00000, 0x00000000c3b00000| Untracked 
|  32|0x00000000c3c00000, 0x00000000c3c00000, 0x00000000c3d00000|  0%| F|  |TAMS 0x00000000c3c00000, 0x00000000c3c00000| Untracked 
|  33|0x00000000c3d00000, 0x00000000c3d00000, 0x00000000c3e00000|  0%| F|  |TAMS 0x00000000c3d00000, 0x00000000c3d00000| Untracked 
|  34|0x00000000c3e00000, 0x00000000c3e00000, 0x00000000c3f00000|  0%| F|  |TAMS 0x00000000c3e00000, 0x00000000c3e00000| Untracked 
|  35|0x00000000c3f00000, 0x00000000c3f00000, 0x00000000c4000000|  0%| F|  |TAMS 0x00000000c3f00000, 0x00000000c3f00000| Untracked 
|  36|0x00000000c4000000, 0x00000000c4000000, 0x00000000c4100000|  0%| F|  |TAMS 0x00000000c4000000, 0x00000000c4000000| Untracked 
|  37|0x00000000c4100000, 0x00000000c4100000, 0x00000000c4200000|  0%| F|  |TAMS 0x00000000c4100000, 0x00000000c4100000| Untracked 
|  38|0x00000000c4200000, 0x00000000c4200000, 0x00000000c4300000|  0%| F|  |TAMS 0x00000000c4200000, 0x00000000c4200000| Untracked 
|  39|0x00000000c4300000, 0x00000000c4300000, 0x00000000c4400000|  0%| F|  |TAMS 0x00000000c4300000, 0x00000000c4300000| Untracked 
|  40|0x00000000c4400000, 0x00000000c4400000, 0x00000000c4500000|  0%| F|  |TAMS 0x00000000c4400000, 0x00000000c4400000| Untracked 
|  41|0x00000000c4500000, 0x00000000c4600000, 0x00000000c4600000|100%| S|CS|TAMS 0x00000000c4500000, 0x00000000c4500000| Complete 
|  42|0x00000000c4600000, 0x00000000c4700000, 0x00000000c4700000|100%| S|CS|TAMS 0x00000000c4600000, 0x00000000c4600000| Complete 
|  43|0x00000000c4700000, 0x00000000c4800000, 0x00000000c4800000|100%| S|CS|TAMS 0x00000000c4700000, 0x00000000c4700000| Complete 
|  44|0x00000000c4800000, 0x00000000c4800000, 0x00000000c4900000|  0%| F|  |TAMS 0x00000000c4800000, 0x00000000c4800000| Untracked 
|  45|0x00000000c4900000, 0x00000000c4900000, 0x00000000c4a00000|  0%| F|  |TAMS 0x00000000c4900000, 0x00000000c4900000| Untracked 
|  46|0x00000000c4a00000, 0x00000000c4a00000, 0x00000000c4b00000|  0%| F|  |TAMS 0x00000000c4a00000, 0x00000000c4a00000| Untracked 
|  47|0x00000000c4b00000, 0x00000000c4b00000, 0x00000000c4c00000|  0%| F|  |TAMS 0x00000000c4b00000, 0x00000000c4b00000| Untracked 
|  48|0x00000000c4c00000, 0x00000000c4c00000, 0x00000000c4d00000|  0%| F|  |TAMS 0x00000000c4c00000, 0x00000000c4c00000| Untracked 
|  49|0x00000000c4d00000, 0x00000000c4d00000, 0x00000000c4e00000|  0%| F|  |TAMS 0x00000000c4d00000, 0x00000000c4d00000| Untracked 
|  50|0x00000000c4e00000, 0x00000000c4e00000, 0x00000000c4f00000|  0%| F|  |TAMS 0x00000000c4e00000, 0x00000000c4e00000| Untracked 
|  51|0x00000000c4f00000, 0x00000000c4f00000, 0x00000000c5000000|  0%| F|  |TAMS 0x00000000c4f00000, 0x00000000c4f00000| Untracked 
|  52|0x00000000c5000000, 0x00000000c5000000, 0x00000000c5100000|  0%| F|  |TAMS 0x00000000c5000000, 0x00000000c5000000| Untracked 
|  53|0x00000000c5100000, 0x00000000c5100000, 0x00000000c5200000|  0%| F|  |TAMS 0x00000000c5100000, 0x00000000c5100000| Untracked 
|  54|0x00000000c5200000, 0x00000000c5200000, 0x00000000c5300000|  0%| F|  |TAMS 0x00000000c5200000, 0x00000000c5200000| Untracked 
|  55|0x00000000c5300000, 0x00000000c5300000, 0x00000000c5400000|  0%| F|  |TAMS 0x00000000c5300000, 0x00000000c5300000| Untracked 
|  56|0x00000000c5400000, 0x00000000c5400000, 0x00000000c5500000|  0%| F|  |TAMS 0x00000000c5400000, 0x00000000c5400000| Untracked 
|  57|0x00000000c5500000, 0x00000000c5500000, 0x00000000c5600000|  0%| F|  |TAMS 0x00000000c5500000, 0x00000000c5500000| Untracked 
|  58|0x00000000c5600000, 0x00000000c5600000, 0x00000000c5700000|  0%| F|  |TAMS 0x00000000c5600000, 0x00000000c5600000| Untracked 
|  59|0x00000000c5700000, 0x00000000c5700000, 0x00000000c5800000|  0%| F|  |TAMS 0x00000000c5700000, 0x00000000c5700000| Untracked 
|  60|0x00000000c5800000, 0x00000000c5800000, 0x00000000c5900000|  0%| F|  |TAMS 0x00000000c5800000, 0x00000000c5800000| Untracked 
|  61|0x00000000c5900000, 0x00000000c5977ef0, 0x00000000c5a00000| 46%| E|  |TAMS 0x00000000c5900000, 0x00000000c5900000| Complete 
|  62|0x00000000c5a00000, 0x00000000c5b00000, 0x00000000c5b00000|100%| E|CS|TAMS 0x00000000c5a00000, 0x00000000c5a00000| Complete 
|  63|0x00000000c5b00000, 0x00000000c5c00000, 0x00000000c5c00000|100%| E|CS|TAMS 0x00000000c5b00000, 0x00000000c5b00000| Complete 

Card table byte_map: [0x00000192653b0000,0x00000192655b0000] _byte_map_base: 0x0000019264da2000

Marking Bits (Prev, Next): (CMBitMap*) 0x000001924cbc4890, (CMBitMap*) 0x000001924cbc48d0
 Prev Bits: [0x00000192657b0000, 0x0000019266740000)
 Next Bits: [0x0000019266740000, 0x00000192676d0000)

Polling page: 0x000001924cc60000

Metaspace:

Usage:
  Non-class:      8.84 MB used.
      Class:      1.07 MB used.
       Both:      9.90 MB used.

Virtual space:
  Non-class space:       16.00 MB reserved,       8.94 MB ( 56%) committed,  2 nodes.
      Class space:        1.00 GB reserved,       1.19 MB ( <1%) committed,  1 nodes.
             Both:        1.02 GB reserved,      10.12 MB ( <1%) committed. 

Chunk freelists:
   Non-Class:  2.38 MB
       Class:  2.67 MB
        Both:  5.05 MB

MaxMetaspaceSize: unlimited
CompressedClassSpaceSize: 1.00 GB
Initial GC threshold: 21.00 MB
Current GC threshold: 21.00 MB
CDS: on
MetaspaceReclaimPolicy: balanced
 - commit_granule_bytes: 65536.
 - commit_granule_words: 8192.
 - virtual_space_node_default_size: 1048576.
 - enlarge_chunks_in_place: 1.
 - new_chunks_are_fully_committed: 0.
 - uncommit_free_chunks: 1.
 - use_allocation_guard: 0.
 - handle_deallocations: 1.


Internal statistics:

num_allocs_failed_limit: 0.
num_arena_births: 96.
num_arena_deaths: 0.
num_vsnodes_births: 3.
num_vsnodes_deaths: 0.
num_space_committed: 162.
num_space_uncommitted: 0.
num_chunks_returned_to_freelist: 0.
num_chunks_taken_from_freelist: 277.
num_chunk_merges: 0.
num_chunk_splits: 168.
num_chunks_enlarged: 119.
num_purges: 0.
num_inconsistent_stats: 0.

CodeHeap 'non-profiled nmethods': size=120000Kb used=640Kb max_used=640Kb free=119359Kb
 bounds [0x000001925d660000, 0x000001925d8d0000, 0x0000019264b90000]
CodeHeap 'profiled nmethods': size=120000Kb used=3534Kb max_used=3534Kb free=116465Kb
 bounds [0x0000019256130000, 0x00000192564b0000, 0x000001925d660000]
CodeHeap 'non-nmethods': size=5760Kb used=1171Kb max_used=1201Kb free=4588Kb
 bounds [0x0000019255b90000, 0x0000019255e00000, 0x0000019256130000]
 total_blobs=2186 nmethods=1719 adapters=380
 compilation: enabled
              stopped_count=0, restarted_count=0
 full_count=0

Compilation events (20 events):
Event: 9.130 Thread 0x000001924cc5e140 1707       3       java.util.Arrays::copyOf (19 bytes)
Event: 9.130 Thread 0x000001924cc5e140 nmethod 1707 0x0000019256494690 code [0x0000019256494840, 0x0000019256494b28]
Event: 9.130 Thread 0x000001924cc5e140 1708       3       sun.util.calendar.ZoneInfoFile::getYear (233 bytes)
Event: 9.131 Thread 0x000001924cc5e140 nmethod 1708 0x0000019256494c90 code [0x0000019256494e60, 0x0000019256495488]
Event: 9.131 Thread 0x000001924cc5e140 1709       3       java.util.TimeZone::getTimeZone (35 bytes)
Event: 9.131 Thread 0x000001924cc5e140 nmethod 1709 0x0000019256495710 code [0x0000019256495960, 0x0000019256496338]
Event: 9.131 Thread 0x000001924cc5e140 1711       3       java.io.DataInputStream::<init> (30 bytes)
Event: 9.132 Thread 0x000001924cc5e140 nmethod 1711 0x0000019256496690 code [0x0000019256496860, 0x0000019256496df8]
Event: 9.132 Thread 0x000001924cc5e140 1712       3       java.util.Arrays::copyOf (19 bytes)
Event: 9.132 Thread 0x000001924cc5e140 nmethod 1712 0x0000019256496f90 code [0x0000019256497140, 0x0000019256497428]
Event: 9.132 Thread 0x000001924cc5e140 1713   !   3       sun.util.calendar.ZoneInfoFile::getZoneInfo0 (149 bytes)
Event: 9.134 Thread 0x000001924cc5e140 nmethod 1713 0x0000019256497590 code [0x0000019256497900, 0x0000019256498f18]
Event: 9.151 Thread 0x000001924cc5e140 1716       3       java.util.Properties::saveConvert (383 bytes)
Event: 9.153 Thread 0x000001924cc5e140 nmethod 1716 0x0000019256499910 code [0x0000019256499d60, 0x000001925649b9a8]
Event: 9.161 Thread 0x000001924cc5e140 1717       3       java.util.concurrent.ConcurrentHashMap::addCount (280 bytes)
Event: 9.162 Thread 0x000001924cc5e140 nmethod 1717 0x000001925649c410 code [0x000001925649c660, 0x000001925649cfe8]
Event: 9.162 Thread 0x000001924cc5e140 1718       3       java.lang.ProcessEnvironment$NameComparator::compare (90 bytes)
Event: 9.163 Thread 0x000001924cc5e140 nmethod 1718 0x000001925649d290 code [0x000001925649d5a0, 0x000001925649e7d8]
Event: 9.164 Thread 0x000001924cc5e140 1719       3       java.lang.String::substring (58 bytes)
Event: 9.165 Thread 0x000001924cc5e140 nmethod 1719 0x000001925649f090 code [0x000001925649f280, 0x000001925649f728]

GC Heap History (6 events):
Event: 2.666 GC heap before
{Heap before GC invocations=0 (full 0):
 garbage-first heap   total 65536K, used 12288K [0x00000000c1c00000, 0x0000000100000000)
  region size 1024K, 13 young (13312K), 0 survivors (0K)
 Metaspace       used 1109K, committed 1280K, reserved 1056768K
  class space    used 83K, committed 192K, reserved 1048576K
}
Event: 2.679 GC heap after
{Heap after GC invocations=1 (full 0):
 garbage-first heap   total 65536K, used 5523K [0x00000000c1c00000, 0x0000000100000000)
  region size 1024K, 2 young (2048K), 2 survivors (2048K)
 Metaspace       used 1109K, committed 1280K, reserved 1056768K
  class space    used 83K, committed 192K, reserved 1048576K
}
Event: 8.278 GC heap before
{Heap before GC invocations=1 (full 0):
 garbage-first heap   total 65536K, used 18835K [0x00000000c1c00000, 0x0000000100000000)
  region size 1024K, 15 young (15360K), 2 survivors (2048K)
 Metaspace       used 6888K, committed 7104K, reserved 1056768K
  class space    used 741K, committed 832K, reserved 1048576K
}
Event: 8.286 GC heap after
{Heap after GC invocations=2 (full 0):
 garbage-first heap   total 65536K, used 7880K [0x00000000c1c00000, 0x0000000100000000)
  region size 1024K, 2 young (2048K), 2 survivors (2048K)
 Metaspace       used 6888K, committed 7104K, reserved 1056768K
  class space    used 741K, committed 832K, reserved 1048576K
}
Event: 9.134 GC heap before
{Heap before GC invocations=2 (full 0):
 garbage-first heap   total 65536K, used 26312K [0x00000000c1c00000, 0x0000000100000000)
  region size 1024K, 20 young (20480K), 2 survivors (2048K)
 Metaspace       used 9494K, committed 9728K, reserved 1064960K
  class space    used 1005K, committed 1088K, reserved 1048576K
}
Event: 9.148 GC heap after
{Heap after GC invocations=3 (full 0):
 garbage-first heap   total 65536K, used 11801K [0x00000000c1c00000, 0x0000000100000000)
  region size 1024K, 3 young (3072K), 3 survivors (3072K)
 Metaspace       used 9494K, committed 9728K, reserved 1064960K
  class space    used 1005K, committed 1088K, reserved 1048576K
}

Deoptimization events (20 events):
Event: 8.965 Thread 0x000001924cb96a00 Uncommon trap: trap_request=0xffffff45 fr.pc=0x000001925d6c80b4 relative=0x0000000000000094
Event: 8.965 Thread 0x000001924cb96a00 Uncommon trap: reason=unstable_if action=reinterpret pc=0x000001925d6c80b4 method=java.lang.CharacterDataLatin1.digit(II)I @ 7 c2
Event: 8.965 Thread 0x000001924cb96a00 DEOPT PACKING pc=0x000001925d6c80b4 sp=0x00000001a01fd120
Event: 8.966 Thread 0x000001924cb96a00 DEOPT UNPACKING pc=0x0000019255be23a3 sp=0x00000001a01fd0a0 mode 2
Event: 9.017 Thread 0x000001924cb96a00 Uncommon trap: trap_request=0xffffff45 fr.pc=0x000001925d66bd10 relative=0x0000000000000190
Event: 9.017 Thread 0x000001924cb96a00 Uncommon trap: reason=unstable_if action=reinterpret pc=0x000001925d66bd10 method=java.lang.String.equals(Ljava/lang/Object;)Z @ 33 c2
Event: 9.017 Thread 0x000001924cb96a00 DEOPT PACKING pc=0x000001925d66bd10 sp=0x00000001a01fcf50
Event: 9.017 Thread 0x000001924cb96a00 DEOPT UNPACKING pc=0x0000019255be23a3 sp=0x00000001a01fcef0 mode 2
Event: 9.073 Thread 0x000001924cb96a00 Uncommon trap: trap_request=0xffffff45 fr.pc=0x000001925d69a714 relative=0x00000000000004f4
Event: 9.073 Thread 0x000001924cb96a00 Uncommon trap: reason=unstable_if action=reinterpret pc=0x000001925d69a714 method=java.lang.String.substring(II)Ljava/lang/String; @ 31 c2
Event: 9.073 Thread 0x000001924cb96a00 DEOPT PACKING pc=0x000001925d69a714 sp=0x00000001a01fcde0
Event: 9.073 Thread 0x000001924cb96a00 DEOPT UNPACKING pc=0x0000019255be23a3 sp=0x00000001a01fcdb0 mode 2
Event: 9.074 Thread 0x000001924cb96a00 Uncommon trap: trap_request=0xffffff45 fr.pc=0x000001925d6a3820 relative=0x0000000000000400
Event: 9.074 Thread 0x000001924cb96a00 Uncommon trap: reason=unstable_if action=reinterpret pc=0x000001925d6a3820 method=java.lang.AbstractStringBuilder.isLatin1()Z @ 10 c2
Event: 9.074 Thread 0x000001924cb96a00 DEOPT PACKING pc=0x000001925d6a3820 sp=0x00000001a01fcc60
Event: 9.074 Thread 0x000001924cb96a00 DEOPT UNPACKING pc=0x0000019255be23a3 sp=0x00000001a01fcbe0 mode 2
Event: 9.149 Thread 0x000001924cb96a00 Uncommon trap: trap_request=0xffffff45 fr.pc=0x000001925d6d73ac relative=0x000000000000016c
Event: 9.149 Thread 0x000001924cb96a00 Uncommon trap: reason=unstable_if action=reinterpret pc=0x000001925d6d73ac method=java.util.concurrent.ConcurrentHashMap.addCount(JI)V @ 121 c2
Event: 9.149 Thread 0x000001924cb96a00 DEOPT PACKING pc=0x000001925d6d73ac sp=0x00000001a01fd400
Event: 9.149 Thread 0x000001924cb96a00 DEOPT UNPACKING pc=0x0000019255be23a3 sp=0x00000001a01fd360 mode 2

Classes unloaded (0 events):
No events

Classes redefined (0 events):
No events

Internal exceptions (20 events):
Event: 3.910 Thread 0x000001924cb96a00 Exception <a 'java/lang/NoSuchMethodError'{0x00000000c56b5150}: 'java.lang.Object java.lang.invoke.DirectMethodHandle$Holder.invokeStaticInit(java.lang.Object, int, int, int, int)'> (0x00000000c56b5150) 
thrown [t:\workspace\open\src\hotspot\share\interpreter\linkResolver.cpp, line 766]
Event: 4.266 Thread 0x000001924cb96a00 Exception <a 'java/lang/NoSuchMethodError'{0x00000000c5566000}: 'java.lang.Object java.lang.invoke.DirectMethodHandle$Holder.invokeStaticInit(java.lang.Object, java.lang.Object, int, int, int, int)'> (0x00000000c5566000) 
thrown [t:\workspace\open\src\hotspot\share\interpreter\linkResolver.cpp, line 766]
Event: 7.556 Thread 0x000001924cb96a00 Exception <a 'java/lang/NoSuchMethodError'{0x00000000c5591210}: 'void java.lang.invoke.DirectMethodHandle$Holder.invokeSpecial(java.lang.Object, java.lang.Object, java.lang.Object)'> (0x00000000c5591210) 
thrown [t:\workspace\open\src\hotspot\share\interpreter\linkResolver.cpp, line 766]
Event: 7.626 Thread 0x000001924cb96a00 Exception <a 'java/lang/NoSuchMethodError'{0x00000000c5423988}: 'int java.lang.invoke.DirectMethodHandle$Holder.invokeInterface(java.lang.Object, java.lang.Object)'> (0x00000000c5423988) 
thrown [t:\workspace\open\src\hotspot\share\interpreter\linkResolver.cpp, line 766]
Event: 7.630 Thread 0x000001924cb96a00 Exception <a 'java/lang/NoSuchMethodError'{0x00000000c542d980}: 'java.lang.Object java.lang.invoke.Invokers$Holder.invokeExact_MT(java.lang.Object, java.lang.Object, java.lang.Object, java.lang.Object, java.lang.Object, java.lang.Object)'> (0x00000000c542d980) 
thrown [t:\workspace\open\src\hotspot\share\interpreter\linkResolver.cpp, line 766]
Event: 7.636 Thread 0x000001924cb96a00 Exception <a 'java/lang/NoSuchMethodError'{0x00000000c54439a8}: 'java.lang.Object java.lang.invoke.DirectMethodHandle$Holder.invokeInterface(java.lang.Object, java.lang.Object)'> (0x00000000c54439a8) 
thrown [t:\workspace\open\src\hotspot\share\interpreter\linkResolver.cpp, line 766]
Event: 7.651 Thread 0x000001924cb96a00 Exception <a 'java/lang/NoSuchMethodError'{0x00000000c5467a70}: 'int java.lang.invoke.DirectMethodHandle$Holder.invokeVirtual(java.lang.Object, java.lang.Object)'> (0x00000000c5467a70) 
thrown [t:\workspace\open\src\hotspot\share\interpreter\linkResolver.cpp, line 766]
Event: 7.756 Thread 0x000001924cb96a00 Exception <a 'java/lang/NoSuchMethodError'{0x00000000c54ec9a8}: 'int java.lang.invoke.DirectMethodHandle$Holder.invokeStaticInit(java.lang.Object, java.lang.Object, java.lang.Object)'> (0x00000000c54ec9a8) 
thrown [t:\workspace\open\src\hotspot\share\interpreter\linkResolver.cpp, line 766]
Event: 7.948 Thread 0x000001924cb96a00 Exception <a 'java/lang/NoSuchMethodError'{0x00000000c5237890}: 'java.lang.Object java.lang.invoke.DirectMethodHandle$Holder.invokeSpecial(java.lang.Object, java.lang.Object, java.lang.Object, java.lang.Object, java.lang.Object, java.lang.Object, java.lang.Object, java.lang.Object, java.lang.Object, java.lang.Object)'> (0x00000000c5237890) 
thrown [t:\workspace\open\src\hotspot\share\interpreter\linkResolver.cpp, line 766]
Event: 7.951 Thread 0x000001924cb96a00 Exception <a 'java/lang/NoSuchMethodError'{0x00000000c5242998}: 'java.lang.Object java.lang.invoke.DirectMethodHandle$Holder.newInvokeSpecial(java.lang.Object, java.lang.Object, java.lang.Object, java.lang.Object, java.lang.Object, java.lang.Object, java.lang.Object, java.lang.Object, java.lang.Object)'> (0x00000000c5242998) 
thrown [t:\workspace\open\src\hotspot\share\interpreter\linkResolver.cpp, line 766]
Event: 7.952 Thread 0x000001924cb96a00 Exception <a 'java/lang/NoSuchMethodError'{0x00000000c5247ce8}: 'java.lang.Object java.lang.invoke.Invokers$Holder.linkToTargetMethod(java.lang.Object, java.lang.Object, java.lang.Object, java.lang.Object, java.lang.Object, java.lang.Object, java.lang.Object, java.lang.Object, java.lang.Object)'> (0x00000000c5247ce8) 
thrown [t:\workspace\open\src\hotspot\share\interpreter\linkResolver.cpp, line 766]
Event: 7.969 Thread 0x000001924cb96a00 Exception <a 'java/lang/NoSuchMethodError'{0x00000000c5294058}: 'java.lang.Object java.lang.invoke.DirectMethodHandle$Holder.newInvokeSpecial(java.lang.Object, java.lang.Object, java.lang.Object, java.lang.Object, java.lang.Object, java.lang.Object, java.lang.Object)'> (0x00000000c5294058) 
thrown [t:\workspace\open\src\hotspot\share\interpreter\linkResolver.cpp, line 766]
Event: 7.970 Thread 0x000001924cb96a00 Exception <a 'java/lang/NoSuchMethodError'{0x00000000c5298cc0}: 'java.lang.Object java.lang.invoke.Invokers$Holder.linkToTargetMethod(java.lang.Object, java.lang.Object, java.lang.Object, java.lang.Object, java.lang.Object, java.lang.Object, java.lang.Object)'> (0x00000000c5298cc0) 
thrown [t:\workspace\open\src\hotspot\share\interpreter\linkResolver.cpp, line 766]
Event: 7.972 Thread 0x000001924cb96a00 Exception <a 'java/lang/NoSuchMethodError'{0x00000000c52a3698}: 'void java.lang.invoke.DirectMethodHandle$Holder.invokeStatic(java.lang.Object, java.lang.Object, java.lang.Object, java.lang.Object)'> (0x00000000c52a3698) 
thrown [t:\workspace\open\src\hotspot\share\interpreter\linkResolver.cpp, line 766]
Event: 8.093 Thread 0x000001924cb96a00 Exception <a 'java/lang/NoSuchMethodError'{0x00000000c51906c8}: 'int java.lang.invoke.DirectMethodHandle$Holder.invokeSpecial(java.lang.Object, java.lang.Object, java.lang.Object)'> (0x00000000c51906c8) 
thrown [t:\workspace\open\src\hotspot\share\interpreter\linkResolver.cpp, line 766]
Event: 8.365 Thread 0x000001924cb96a00 Exception <a 'sun/nio/fs/WindowsException'{0x00000000c599e840}> (0x00000000c599e840) 
thrown [t:\workspace\open\src\hotspot\share\prims\jni.cpp, line 516]
Event: 8.396 Thread 0x000001924cb96a00 Exception <a 'java/lang/NoSuchMethodError'{0x00000000c59c18a0}: 'int java.lang.invoke.DirectMethodHandle$Holder.invokeStaticInit(java.lang.Object, java.lang.Object, java.lang.Object, java.lang.Object)'> (0x00000000c59c18a0) 
thrown [t:\workspace\open\src\hotspot\share\interpreter\linkResolver.cpp, line 766]
Event: 8.397 Thread 0x000001924cb96a00 Exception <a 'java/lang/IncompatibleClassChangeError'{0x00000000c59cad10}: Found class java.lang.Object, but interface was expected> (0x00000000c59cad10) 
thrown [t:\workspace\open\src\hotspot\share\interpreter\linkResolver.cpp, line 833]
Event: 8.398 Thread 0x000001924cb96a00 Exception <a 'java/lang/NoSuchMethodError'{0x00000000c59ce028}: 'void java.lang.invoke.DirectMethodHandle$Holder.invokeStaticInit(java.lang.Object, java.lang.Object)'> (0x00000000c59ce028) 
thrown [t:\workspace\open\src\hotspot\share\interpreter\linkResolver.cpp, line 766]
Event: 8.609 Thread 0x000001924cb96a00 Exception <a 'java/lang/NoSuchMethodError'{0x00000000c5394388}: 'java.lang.Object java.lang.invoke.DirectMethodHandle$Holder.invokeVirtual(java.lang.Object, java.lang.Object, java.lang.Object)'> (0x00000000c5394388) 
thrown [t:\workspace\open\src\hotspot\share\interpreter\linkResolver.cpp, line 766]

VM Operations (20 events):
Event: 3.860 Executing VM operation: HandshakeAllThreads
Event: 3.860 Executing VM operation: HandshakeAllThreads done
Event: 4.390 Executing VM operation: HandshakeAllThreads
Event: 4.390 Executing VM operation: HandshakeAllThreads done
Event: 4.391 Executing VM operation: HandshakeAllThreads
Event: 4.391 Executing VM operation: HandshakeAllThreads done
Event: 5.405 Executing VM operation: Cleanup
Event: 5.405 Executing VM operation: Cleanup done
Event: 8.126 Executing VM operation: HandshakeAllThreads
Event: 8.126 Executing VM operation: HandshakeAllThreads done
Event: 8.126 Executing VM operation: Cleanup
Event: 8.126 Executing VM operation: Cleanup done
Event: 8.278 Executing VM operation: G1CollectForAllocation
Event: 8.286 Executing VM operation: G1CollectForAllocation done
Event: 8.369 Executing VM operation: HandshakeAllThreads
Event: 8.369 Executing VM operation: HandshakeAllThreads done
Event: 8.802 Executing VM operation: HandshakeAllThreads
Event: 8.802 Executing VM operation: HandshakeAllThreads done
Event: 9.134 Executing VM operation: G1CollectForAllocation
Event: 9.148 Executing VM operation: G1CollectForAllocation done

Events (20 events):
Event: 8.780 loading class java/util/spi/ResourceBundleProvider
Event: 8.780 loading class java/util/spi/ResourceBundleProvider done
Event: 8.780 loading class sun/util/resources/LocaleData$LocaleDataResourceBundleProvider done
Event: 8.780 loading class sun/util/resources/LocaleData$CommonResourceBundleProvider done
Event: 8.780 loading class sun/util/resources/Bundles$2
Event: 8.781 loading class sun/util/resources/Bundles$2 done
Event: 8.962 loading class java/text/ParsePosition
Event: 8.963 loading class java/text/ParsePosition done
Event: 8.964 loading class java/text/CalendarBuilder
Event: 8.965 loading class java/text/CalendarBuilder done
Event: 9.013 loading class sun/util/cldr/CLDRBaseLocaleDataMetaInfo$TZCanonicalIDMapHolder
Event: 9.014 loading class sun/util/cldr/CLDRBaseLocaleDataMetaInfo$TZCanonicalIDMapHolder done
Event: 9.047 loading class sun/util/resources/ParallelListResourceBundle
Event: 9.065 loading class sun/util/resources/ParallelListResourceBundle done
Event: 9.156 loading class java/io/FileOutputStream$1
Event: 9.160 loading class java/io/FileOutputStream$1 done
Event: 9.174 loading class java/util/concurrent/atomic/AtomicMarkableReference
Event: 9.177 loading class java/util/concurrent/atomic/AtomicMarkableReference done
Event: 9.177 loading class java/util/concurrent/atomic/AtomicMarkableReference$Pair
Event: 9.181 loading class java/util/concurrent/atomic/AtomicMarkableReference$Pair done


Dynamic libraries:
0x00007ff6a0960000 - 0x00007ff6a096e000 	C:\Users\AYN\.jdks\openjdk-17.0.1\bin\java.exe
0x00007ffc7f380000 - 0x00007ffc7f589000 	C:\WINDOWS\SYSTEM32\ntdll.dll
0x00007ffc7e8a0000 - 0x00007ffc7e95d000 	C:\WINDOWS\System32\KERNEL32.DLL
0x00007ffc7c870000 - 0x00007ffc7cbe4000 	C:\WINDOWS\System32\KERNELBASE.dll
0x00007ffc7d040000 - 0x00007ffc7d151000 	C:\WINDOWS\System32\ucrtbase.dll
0x00007ffc68b80000 - 0x00007ffc68b9a000 	C:\Users\AYN\.jdks\openjdk-17.0.1\bin\VCRUNTIME140.dll
0x00007ffc68ae0000 - 0x00007ffc68af8000 	C:\Users\AYN\.jdks\openjdk-17.0.1\bin\jli.dll
0x00007ffc7d570000 - 0x00007ffc7d71c000 	C:\WINDOWS\System32\USER32.dll
0x00007ffc7ce00000 - 0x00007ffc7ce26000 	C:\WINDOWS\System32\win32u.dll
0x00007ffc7ea10000 - 0x00007ffc7ea39000 	C:\WINDOWS\System32\GDI32.dll
0x00007ffc7ce30000 - 0x00007ffc7cf42000 	C:\WINDOWS\System32\gdi32full.dll
0x00007ffc7cbf0000 - 0x00007ffc7cc8d000 	C:\WINDOWS\System32\msvcp_win.dll
0x00007ffc62cc0000 - 0x00007ffc62f65000 	C:\WINDOWS\WinSxS\amd64_microsoft.windows.common-controls_6595b64144ccf1df_6.0.22000.120_none_9d947278b86cc467\COMCTL32.dll
0x00007ffc7ea40000 - 0x00007ffc7eae3000 	C:\WINDOWS\System32\msvcrt.dll
0x00007ffc7d720000 - 0x00007ffc7d751000 	C:\WINDOWS\System32\IMM32.DLL
0x00007ffc75830000 - 0x00007ffc7583c000 	C:\Users\AYN\.jdks\openjdk-17.0.1\bin\vcruntime140_1.dll
0x00007ffc61cc0000 - 0x00007ffc61d4d000 	C:\Users\AYN\.jdks\openjdk-17.0.1\bin\msvcp140.dll
0x00007ffc39b20000 - 0x00007ffc3a6de000 	C:\Users\AYN\.jdks\openjdk-17.0.1\bin\server\jvm.dll
0x00007ffc7e960000 - 0x00007ffc7ea0e000 	C:\WINDOWS\System32\ADVAPI32.dll
0x00007ffc7d2c0000 - 0x00007ffc7d35e000 	C:\WINDOWS\System32\sechost.dll
0x00007ffc7e660000 - 0x00007ffc7e780000 	C:\WINDOWS\System32\RPCRT4.dll
0x00007ffc7efb0000 - 0x00007ffc7efb8000 	C:\WINDOWS\System32\PSAPI.DLL
0x00007ffc692c0000 - 0x00007ffc692c9000 	C:\WINDOWS\SYSTEM32\WSOCK32.dll
0x00007ffc7ec90000 - 0x00007ffc7ecff000 	C:\WINDOWS\System32\WS2_32.dll
0x00007ffc73c80000 - 0x00007ffc73cb3000 	C:\WINDOWS\SYSTEM32\WINMM.dll
0x00007ffc6ed80000 - 0x00007ffc6ed8a000 	C:\WINDOWS\SYSTEM32\VERSION.dll
0x00007ffc7ba60000 - 0x00007ffc7ba78000 	C:\WINDOWS\SYSTEM32\kernel.appcore.dll
0x00007ffc75810000 - 0x00007ffc7581a000 	C:\Users\AYN\.jdks\openjdk-17.0.1\bin\jimage.dll
0x00007ffc7a570000 - 0x00007ffc7a791000 	C:\WINDOWS\SYSTEM32\DBGHELP.DLL
0x00007ffc63390000 - 0x00007ffc633c1000 	C:\WINDOWS\SYSTEM32\dbgcore.DLL
0x00007ffc7cf50000 - 0x00007ffc7cfcf000 	C:\WINDOWS\System32\bcryptPrimitives.dll
0x00007ffc672b0000 - 0x00007ffc672be000 	C:\Users\AYN\.jdks\openjdk-17.0.1\bin\instrument.dll
0x00007ffc62a80000 - 0x00007ffc62aa5000 	C:\Users\AYN\.jdks\openjdk-17.0.1\bin\java.dll
0x00007ffc61be0000 - 0x00007ffc61cb6000 	C:\Users\AYN\.jdks\openjdk-17.0.1\bin\svml.dll
0x00007ffc7ddb0000 - 0x00007ffc7e55e000 	C:\WINDOWS\System32\SHELL32.dll
0x00007ffc7a9f0000 - 0x00007ffc7b257000 	C:\WINDOWS\SYSTEM32\windows.storage.dll
0x00007ffc7efc0000 - 0x00007ffc7f338000 	C:\WINDOWS\System32\combase.dll
0x00007ffc7a880000 - 0x00007ffc7a9e6000 	C:\WINDOWS\SYSTEM32\wintypes.dll
0x00007ffc7ed00000 - 0x00007ffc7edea000 	C:\WINDOWS\System32\SHCORE.dll
0x00007ffc7d7c0000 - 0x00007ffc7d81d000 	C:\WINDOWS\System32\shlwapi.dll
0x00007ffc7c7a0000 - 0x00007ffc7c7c1000 	C:\WINDOWS\SYSTEM32\profapi.dll
0x00007ffc67b10000 - 0x00007ffc67b28000 	C:\Users\AYN\.jdks\openjdk-17.0.1\bin\zip.dll
0x00007ffc68ac0000 - 0x00007ffc68ad9000 	C:\Users\AYN\.jdks\openjdk-17.0.1\bin\net.dll
0x00007ffc72620000 - 0x00007ffc7272c000 	C:\WINDOWS\SYSTEM32\WINHTTP.dll
0x00007ffc7be90000 - 0x00007ffc7bef7000 	C:\WINDOWS\system32\mswsock.dll
0x00007ffc67b80000 - 0x00007ffc67b95000 	C:\Users\AYN\.jdks\openjdk-17.0.1\bin\nio.dll
0x00007ffc66d20000 - 0x00007ffc66d3a000 	C:\Program Files\JetBrains\IntelliJ IDEA Community Edition 2021.3\bin\breakgen64.dll
0x00007ffc73d40000 - 0x00007ffc73d50000 	C:\Users\AYN\.jdks\openjdk-17.0.1\bin\verify.dll
0x00007ffc7c0d0000 - 0x00007ffc7c0e8000 	C:\WINDOWS\SYSTEM32\CRYPTSP.dll
0x00007ffc7b9c0000 - 0x00007ffc7b9f5000 	C:\WINDOWS\system32\rsaenh.dll
0x00007ffc7bf80000 - 0x00007ffc7bfa9000 	C:\WINDOWS\SYSTEM32\USERENV.dll
0x00007ffc7c250000 - 0x00007ffc7c277000 	C:\WINDOWS\SYSTEM32\bcrypt.dll
0x00007ffc7c0f0000 - 0x00007ffc7c0fc000 	C:\WINDOWS\SYSTEM32\CRYPTBASE.dll
0x00007ffc7b590000 - 0x00007ffc7b5bd000 	C:\WINDOWS\SYSTEM32\IPHLPAPI.DLL
0x00007ffc7e560000 - 0x00007ffc7e569000 	C:\WINDOWS\System32\NSI.dll
0x00007ffc73070000 - 0x00007ffc73089000 	C:\WINDOWS\SYSTEM32\dhcpcsvc6.DLL
0x00007ffc73cc0000 - 0x00007ffc73cde000 	C:\WINDOWS\SYSTEM32\dhcpcsvc.DLL
0x00007ffc7b5c0000 - 0x00007ffc7b6a7000 	C:\WINDOWS\SYSTEM32\DNSAPI.dll
0x00007ffc6bf10000 - 0x00007ffc6bf1a000 	C:\Windows\System32\rasadhlp.dll
0x00007ffc6edf0000 - 0x00007ffc6ee71000 	C:\WINDOWS\System32\fwpuclnt.dll

dbghelp: loaded successfully - version: 4.0.5 - missing functions: none
symbol engine: initialized successfully - sym options: 0x614 - pdb path: .;C:\Users\AYN\.jdks\openjdk-17.0.1\bin;C:\WINDOWS\SYSTEM32;C:\WINDOWS\WinSxS\amd64_microsoft.windows.common-controls_6595b64144ccf1df_6.0.22000.120_none_9d947278b86cc467;C:\Users\AYN\.jdks\openjdk-17.0.1\bin\server;C:\Program Files\JetBrains\IntelliJ IDEA Community Edition 2021.3\bin

VM Arguments:
jvm_args: -ea -Didea.test.cyclic.buffer.size=1048576 -javaagent:C:\Program Files\JetBrains\IntelliJ IDEA Community Edition 2021.3\lib\idea_rt.jar=64315:C:\Program Files\JetBrains\IntelliJ IDEA Community Edition 2021.3\bin -Dfile.encoding=UTF-8 
java_command: com.intellij.rt.testng.RemoteTestNGStarter -usedefaultlisteners false -socket64314 @w@C:\Users\AYN\AppData\Local\Temp\idea_working_dirs_testng1.tmp -temp C:\Users\AYN\AppData\Local\Temp\idea_testng1.tmp
java_class_path (initial): C:\Program Files\JetBrains\IntelliJ IDEA Community Edition 2021.3\lib\idea_rt.jar;C:\Program Files\JetBrains\IntelliJ IDEA Community Edition 2021.3\plugins\testng\lib\testng-rt.jar;C:\Users\AYN\com.Batch44POM\target\test-classes;C:\Users\AYN\com.Batch44POM\target\classes;C:\Users\AYN\.m2\repository\io\github\bonigarcia\webdrivermanager\5.0.3\webdrivermanager-5.0.3.jar;C:\Users\AYN\.m2\repository\org\slf4j\slf4j-api\1.7.32\slf4j-api-1.7.32.jar;C:\Users\AYN\.m2\repository\com\google\code\gson\gson\2.8.8\gson-2.8.8.jar;C:\Users\AYN\.m2\repository\org\jsoup\jsoup\1.14.2\jsoup-1.14.2.jar;C:\Users\AYN\.m2\repository\com\github\docker-java\docker-java\3.2.12\docker-java-3.2.12.jar;C:\Users\AYN\.m2\repository\com\github\docker-java\docker-java-core\3.2.12\docker-java-core-3.2.12.jar;C:\Users\AYN\.m2\repository\com\github\docker-java\docker-java-api\3.2.12\docker-java-api-3.2.12.jar;C:\Users\AYN\.m2\repository\com\fasterxml\jackson\core\jackson-annotations\2.10.3\jackson-annotations-2.10.3.jar;C:\Users\AYN\.m2\repository\commons-lang\commons-lang\2.6\commons-lang-2.6.jar;C:\Users\AYN\.m2\repository\com\fasterxml\jackson\core\jackson-databind\2.10.3\jackson-databind-2.10.3.jar;C:\Users\AYN\.m2\repository\com\fasterxml\jackson\core\jackson-core\2.10.3\jackson-core-2.10.3.jar;C:\Users\AYN\.m2\repository\org\bouncycastle\bcpkix-jdk15on\1.64\bcpkix-jdk15on-1.64.jar;C:\Users\AYN\.m2\repository\org\bouncycastle\bcprov-jdk15on\1.64\bcprov-jdk15on-1.64.jar;C:\Users\AYN\.m2\repository\org\slf4j\jcl-over-slf4j\1.7.30\jcl-over-slf4j-1.7.30.jar;C:\Users\AYN\.m2\repository\com\github\docker-java\docker-java-transport-httpclient5\3.2.12\docker-java-transport-httpclient5-3.2.12.jar;C:\Users\AYN\.m2\repository\com\github\docker-java\docker-java-transport\3.2.12\docker-java-transport-3.2.12.jar;C:\Users\AYN\.m2\repository\org\apache\httpcomponents\client5\httpclient5\5.0.3\httpclient5-5.0.3.jar;C:\Users\AYN\.m2\repository\org\apache\httpcomponents\core5\httpcore5\
Launcher Type: SUN_STANDARD

[Global flags]
     intx CICompilerCount                          = 3                                         {product} {ergonomic}
     uint ConcGCThreads                            = 1                                         {product} {ergonomic}
     uint G1ConcRefinementThreads                  = 4                                         {product} {ergonomic}
   size_t G1HeapRegionSize                         = 1048576                                   {product} {ergonomic}
    uintx GCDrainStackTargetSize                   = 64                                        {product} {ergonomic}
   size_t InitialHeapSize                          = 67108864                                  {product} {ergonomic}
   size_t MarkStackSize                            = 4194304                                   {product} {ergonomic}
   size_t MaxHeapSize                              = 1044381696                                {product} {ergonomic}
   size_t MaxNewSize                               = 625999872                                 {product} {ergonomic}
   size_t MinHeapDeltaBytes                        = 1048576                                   {product} {ergonomic}
   size_t MinHeapSize                              = 8388608                                   {product} {ergonomic}
    uintx NonNMethodCodeHeapSize                   = 5832780                                {pd product} {ergonomic}
    uintx NonProfiledCodeHeapSize                  = 122912730                              {pd product} {ergonomic}
    uintx ProfiledCodeHeapSize                     = 122912730                              {pd product} {ergonomic}
    uintx ReservedCodeCacheSize                    = 251658240                              {pd product} {ergonomic}
     bool SegmentedCodeCache                       = true                                      {product} {ergonomic}
   size_t SoftMaxHeapSize                          = 1044381696                             {manageable} {ergonomic}
     bool UseCompressedClassPointers               = true                           {product lp64_product} {ergonomic}
     bool UseCompressedOops                        = true                           {product lp64_product} {ergonomic}
     bool UseG1GC                                  = true                                      {product} {ergonomic}
     bool UseLargePagesIndividualAllocation        = false                                  {pd product} {ergonomic}

Logging:
Log output configuration:
 #0: stdout all=warning uptime,level,tags
 #1: stderr all=off uptime,level,tags

Environment Variables:
JAVA_HOME=C:\Program Files\Java\jdk-17.0.1
PATH=C:\WINDOWS\system32;C:\WINDOWS;C:\WINDOWS\System32\Wbem;C:\WINDOWS\System32\WindowsPowerShell\v1.0\;C:\WINDOWS\System32\OpenSSH\;C:\Program Files\Git\cmd;C:\Program Files\Java\jdk-17.0.1\bin;C:\Program Files\apache-maven-3.8.4-bin (1)\apache-maven-3.8.4\bin;C:\Program Files\MySQL\MySQL Shell 8.0\bin\;C:\Users\AYN\AppData\Local\Microsoft\WindowsApps;C:\Program Files\apache-maven-3.8.4-bin (1)\apache-maven-3.8.4\bin;;C:\Users\AYN\AppData\Local\Programs\Microsoft VS Code\bin
USERNAME=AYN
OS=Windows_NT
PROCESSOR_IDENTIFIER=Intel64 Family 6 Model 142 Stepping 10, GenuineIntel



---------------  S Y S T E M  ---------------

OS:
 Windows 10 , 64 bit Build 22000 (10.0.22000.434)
OS uptime: 7 days 2:48 hours

CPU: total 4 (initial active 4) (2 cores per cpu, 2 threads per core) family 6 model 142 stepping 10 microcode 0xe0, cx8, cmov, fxsr, ht, mmx, 3dnowpref, sse, sse2, sse3, ssse3, sse4.1, sse4.2, popcnt, lzcnt, tsc, tscinvbit, avx, avx2, aes, erms, clmul, bmi1, bmi2, adx, fma, vzeroupper, clflush, clflushopt

Memory: 4k page, system-wide physical 3978M (299M free)
TotalPageFile size 16266M (AvailPageFile size 5M)
current process WorkingSet (physical memory assigned to process): 83M, peak: 87M
current process commit charge ("private bytes"): 160M, peak: 160M

vm_info: OpenJDK 64-Bit Server VM (17.0.1+12-39) for windows-amd64 JRE (17.0.1+12-39), built on Sep 27 2021 18:39:29 by "mach5one" with MS VC++ 16.8 (VS2019)

END.
